# JRE version: Java(TM) SE Runtime Environment (21.0.2+13) (build 21.0.2+13-LTS-58)
# Java VM: Java HotSpot(TM) 64-Bit Server VM (21.0.2+13-LTS-58, mixed mode, sharing, tiered, compressed oops, compressed class ptrs, g1 gc, bsd-aarch64)
Heap:
 garbage-first heap   total 133120K, used 64847K [0x0000000780000000, 0x0000000800000000)
  region size 1024K, 57 young (58368K), 1 survivors (1024K)
 Metaspace       used 15997K, committed 16384K, reserved 1114112K
  class space    used 1715K, committed 1856K, reserved 1048576K
GC Heap History (12 events):
Event: 7.203 GC heap before
{Heap before GC invocations=0 (full 0):
 garbage-first heap   total 133120K, used 24590K [0x0000000780000000, 0x0000000800000000)
  region size 1024K, 23 young (23552K), 0 survivors (0K)
 Metaspace       used 14412K, committed 14848K, reserved 1114112K
  class space    used 1579K, committed 1792K, reserved 1048576K
}
Event: 7.211 GC heap after
{Heap after GC invocations=1 (full 0):
 garbage-first heap   total 133120K, used 7190K [0x0000000780000000, 0x0000000800000000)
  region size 1024K, 3 young (3072K), 3 survivors (3072K)
 Metaspace       used 14412K, committed 14848K, reserved 1114112K
  class space    used 1579K, committed 1792K, reserved 1048576K
}
Event: 60.407 GC heap before
{Heap before GC invocations=1 (full 0):
 garbage-first heap   total 133120K, used 35862K [0x0000000780000000, 0x0000000800000000)
  region size 1024K, 31 young (31744K), 3 survivors (3072K)
 Metaspace       used 15681K, committed 16064K, reserved 1114112K
  class space    used 1701K, committed 1856K, reserved 1048576K
}
Event: 60.418 GC heap after
{Heap after GC invocations=2 (full 0):
 garbage-first heap   total 133120K, used 8180K [0x0000000780000000, 0x0000000800000000)
  region size 1024K, 1 young (1024K), 1 survivors (1024K)
 Metaspace       used 15681K, committed 16064K, reserved 1114112K
  class space    used 1701K, committed 1856K, reserved 1048576K
}
Event: 250.131 GC heap before
{Heap before GC invocations=2 (full 0):
 garbage-first heap   total 133120K, used 84980K [0x0000000780000000, 0x0000000800000000)
  region size 1024K, 76 young (77824K), 1 survivors (1024K)
 Metaspace       used 15896K, committed 16320K, reserved 1114112K
  class space    used 1706K, committed 1856K, reserved 1048576K
}
Event: 250.138 GC heap after
{Heap after GC invocations=3 (full 0):
 garbage-first heap   total 133120K, used 7908K [0x0000000780000000, 0x0000000800000000)
  region size 1024K, 1 young (1024K), 1 survivors (1024K)
 Metaspace       used 15896K, committed 16320K, reserved 1114112K
  class space    used 1706K, committed 1856K, reserved 1048576K
}
Event: 435.227 GC heap before
{Heap before GC invocations=3 (full 0):
 garbage-first heap   total 133120K, used 84708K [0x0000000780000000, 0x0000000800000000)
  region size 1024K, 76 young (77824K), 1 survivors (1024K)
 Metaspace       used 15995K, committed 16384K, reserved 1114112K
  class space    used 1715K, committed 1856K, reserved 1048576K
}
Event: 435.232 GC heap after
{Heap after GC invocations=4 (full 0):
 garbage-first heap   total 133120K, used 7890K [0x0000000780000000, 0x0000000800000000)
  region size 1024K, 1 young (1024K), 1 survivors (1024K)
 Metaspace       used 15995K, committed 16384K, reserved 1114112K
  class space    used 1715K, committed 1856K, reserved 1048576K
}
Event: 627.470 GC heap before
{Heap before GC invocations=4 (full 0):
 garbage-first heap   total 133120K, used 84690K [0x0000000780000000, 0x0000000800000000)
  region size 1024K, 76 young (77824K), 1 survivors (1024K)
 Metaspace       used 15995K, committed 16384K, reserved 1114112K
  class space    used 1715K, committed 1856K, reserved 1048576K
}
Event: 627.473 GC heap after
{Heap after GC invocations=5 (full 0):
 garbage-first heap   total 133120K, used 7903K [0x0000000780000000, 0x0000000800000000)
  region size 1024K, 1 young (1024K), 1 survivors (1024K)
 Metaspace       used 15995K, committed 16384K, reserved 1114112K
  class space    used 1715K, committed 1856K, reserved 1048576K
}
Event: 821.143 GC heap before
{Heap before GC invocations=5 (full 0):
 garbage-first heap   total 133120K, used 84703K [0x0000000780000000, 0x0000000800000000)
  region size 1024K, 76 young (77824K), 1 survivors (1024K)
 Metaspace       used 15996K, committed 16384K, reserved 1114112K
  class space    used 1715K, committed 1856K, reserved 1048576K
}
Event: 821.148 GC heap after
{Heap after GC invocations=6 (full 0):
 garbage-first heap   total 133120K, used 7980K [0x0000000780000000, 0x0000000800000000)
  region size 1024K, 1 young (1024K), 1 survivors (1024K)
 Metaspace       used 15996K, committed 16384K, reserved 1114112K
  class space    used 1715K, committed 1856K, reserved 1048576K
}

